<?xml version="1.0" encoding="UTF-8"?>
<!-- Generated by org.testng.reporters.JUnitReportReporter -->
<testsuite skipped="0" hostname="DESKTOP-2AKDMFS" name="logintest.java" tests="1" failures="0" timestamp="2020-05-13T21:34:00 IST" time="41.167" errors="0">
  <testcase name="setup" time="41.167" classname="logintest.java"/>
  <system-out/>
</testsuite> <!-- logintest.java -->
